FATAL ERROR LOG 
Not recoverable Error!
SYS Thread-ID: 972 
Module: EH
Error Codes: EH: 900 Sub: 0(0) OS: 0 XPP: 0
Call Stack of Thread 1 (852):
PREGLED(51)
(B)Main(91)
@XBPPUSHBUTTON@I@HANDLEEVENT(964)
MAIN(31)
Call Stack of GUI Thread (1068):
File: C:\ALASKA\XPPW32\Projects\Tocak\Tocak.EXE
TimeStamp: 20230929 13:44
End of FATAL ERROR LOG.
FATAL ERROR LOG 
Not recoverable Error!
SYS Thread-ID: 972 
Module: EH
Error Codes: EH: 900 Sub: 0(0) OS: 0 XPP: 0
Call Stack of Thread 1 (852):
PREGLED(51)
(B)Main(91)
@XBPPUSHBUTTON@I@HANDLEEVENT(964)
MAIN(31)
Call Stack of GUI Thread (1068):
File: C:\ALASKA\XPPW32\Projects\Tocak\Tocak.EXE
TimeStamp: 20230929 13:45
End of FATAL ERROR LOG.
FATAL ERROR LOG 
Not recoverable Error!
SYS Thread-ID: 972 
Module: EH
Error Codes: EH: 900 Sub: 0(0) OS: 0 XPP: 0
Call Stack of Thread 1 (852):
PREGLED(51)
(B)Main(91)
@XBPPUSHBUTTON@I@HANDLEEVENT(964)
MAIN(31)
Call Stack of GUI Thread (1068):
File: C:\ALASKA\XPPW32\Projects\Tocak\Tocak.EXE
TimeStamp: 20230929 13:46
End of FATAL ERROR LOG.
FATAL ERROR LOG 
Not recoverable Error!
SYS Thread-ID: 972 
Module: EH
Error Codes: EH: 900 Sub: 0(0) OS: 0 XPP: 0
Call Stack of Thread 1 (852):
PREGLED(51)
(B)Main(91)
@XBPPUSHBUTTON@I@HANDLEEVENT(964)
MAIN(31)
Call Stack of GUI Thread (1068):
File: C:\ALASKA\XPPW32\Projects\Tocak\Tocak.EXE
TimeStamp: 20230929 13:48
End of FATAL ERROR LOG.
FATAL ERROR LOG 
Not recoverable Error!
SYS Thread-ID: 972 
Module: EH
Error Codes: EH: 900 Sub: 0(0) OS: 0 XPP: 0
Call Stack of Thread 1 (852):
PREGLED(51)
(B)Main(91)
@XBPPUSHBUTTON@I@HANDLEEVENT(964)
MAIN(31)
Call Stack of GUI Thread (1068):
File: C:\ALASKA\XPPW32\Projects\Tocak\Tocak.EXE
TimeStamp: 20230929 13:48
End of FATAL ERROR LOG.
FATAL ERROR LOG 
Not recoverable Error!
SYS Thread-ID: 972 
Module: EH
Error Codes: EH: 900 Sub: 0(0) OS: 0 XPP: 0
Call Stack of Thread 1 (852):
PREGLED(51)
(B)Main(91)
@XBPPUSHBUTTON@I@HANDLEEVENT(964)
MAIN(31)
Call Stack of GUI Thread (1068):
File: C:\ALASKA\XPPW32\Projects\Tocak\Tocak.EXE
TimeStamp: 20230929 13:49
End of FATAL ERROR LOG.
FATAL ERROR LOG 
Not recoverable Error!
SYS Thread-ID: 972 
Module: EH
Error Codes: EH: 900 Sub: 0(0) OS: 0 XPP: 0
Call Stack of Thread 1 (852):
PREGLED(51)
(B)Main(91)
@XBPPUSHBUTTON@I@HANDLEEVENT(964)
MAIN(31)
Call Stack of GUI Thread (1068):
File: C:\ALASKA\XPPW32\Projects\Tocak\Tocak.EXE
TimeStamp: 20230929 13:49
End of FATAL ERROR LOG.
FATAL ERROR LOG 
Not recoverable Error!
SYS Thread-ID: 972 
Module: EH
Error Codes: EH: 900 Sub: 0(0) OS: 0 XPP: 0
Call Stack of Thread 1 (852):
PREGLED(53)
(B)Main(91)
@XBPPUSHBUTTON@I@HANDLEEVENT(964)
MAIN(31)
Call Stack of GUI Thread (1068):
File: C:\ALASKA\XPPW32\Projects\Tocak\Tocak.EXE
TimeStamp: 20230929 13:54
End of FATAL ERROR LOG.
FATAL ERROR LOG 
Not recoverable Error!
SYS Thread-ID: 972 
Module: EH
Error Codes: EH: 900 Sub: 0(0) OS: 0 XPP: 0
Call Stack of Thread 1 (852):
PREGLED(53)
(B)Main(91)
@XBPPUSHBUTTON@I@HANDLEEVENT(964)
MAIN(31)
Call Stack of GUI Thread (1068):
File: C:\ALASKA\XPPW32\Projects\Tocak\Tocak.EXE
TimeStamp: 20230929 13:54
End of FATAL ERROR LOG.
FATAL ERROR LOG 
Not recoverable Error!
SYS Thread-ID: 972 
Module: EH
Error Codes: EH: 900 Sub: 0(0) OS: 0 XPP: 0
Call Stack of Thread 1 (852):
PREGLED(53)
(B)Main(91)
@XBPPUSHBUTTON@I@HANDLEEVENT(964)
MAIN(31)
Call Stack of GUI Thread (1068):
File: C:\ALASKA\XPPW32\Projects\Tocak\Tocak.EXE
TimeStamp: 20230929 13:55
End of FATAL ERROR LOG.
FATAL ERROR LOG 
Not recoverable Error!
SYS Thread-ID: 972 
Module: EH
Error Codes: EH: 900 Sub: 0(0) OS: 0 XPP: 0
Call Stack of Thread 1 (852):
PREGLED(53)
(B)Main(91)
@XBPPUSHBUTTON@I@HANDLEEVENT(964)
MAIN(31)
Call Stack of GUI Thread (1068):
File: C:\ALASKA\XPPW32\Projects\Tocak\Tocak.EXE
TimeStamp: 20230929 13:56
End of FATAL ERROR LOG.
FATAL ERROR LOG 
Not recoverable Error!
SYS Thread-ID: 972 
Module: EH
Error Codes: EH: 900 Sub: 0(0) OS: 0 XPP: 0
Call Stack of Thread 1 (852):
PREGLED(53)
(B)Main(91)
@XBPPUSHBUTTON@I@HANDLEEVENT(964)
MAIN(31)
Call Stack of GUI Thread (1068):
File: C:\ALASKA\XPPW32\Projects\Tocak\Tocak.EXE
TimeStamp: 20230929 13:56
End of FATAL ERROR LOG.
FATAL ERROR LOG 
Not recoverable Error!
SYS Thread-ID: 972 
Module: EH
Error Codes: EH: 900 Sub: 0(0) OS: 0 XPP: 0
Call Stack of Thread 1 (852):
PREGLED(58)
(B)Main(91)
@XBPPUSHBUTTON@I@HANDLEEVENT(964)
MAIN(31)
Call Stack of GUI Thread (1068):
File: C:\ALASKA\XPPW32\Projects\Tocak\Tocak.EXE
TimeStamp: 20230929 13:59
End of FATAL ERROR LOG.
FATAL ERROR LOG 
Not recoverable Error!
SYS Thread-ID: 972 
Module: EH
Error Codes: EH: 900 Sub: 0(0) OS: 0 XPP: 0
Call Stack of Thread 1 (852):
PREGLED(58)
(B)Main(91)
@XBPPUSHBUTTON@I@HANDLEEVENT(964)
MAIN(31)
Call Stack of GUI Thread (1068):
File: C:\ALASKA\XPPW32\Projects\Tocak\Tocak.EXE
TimeStamp: 20230929 13:59
End of FATAL ERROR LOG.
FATAL ERROR LOG 
Error within the error handling!
SYS Thread-ID: 1068 
Module: EXE
Error Codes: EH: 1005 Sub: 0(0) OS: 0 XPP: 15
Call Stack of Thread 1 (852):
@XBPCOLUMN@I@CREATE(450)
@XBPBROWSE@I@INSCOLUMN(868)
@XBPBROWSE@I@ADDCOLUMN(689)
PREGLED(56)
(B)Main(91)
@XBPPUSHBUTTON@I@HANDLEEVENT(964)
MAIN(31)
Call Stack of GUI Thread (1068):
File: C:\ALASKA\XPPW32\Projects\Tocak\Tocak.EXE
TimeStamp: 20230929 14:00
End of FATAL ERROR LOG.
